[0.604s] Invoking command in '/home/ramanathan/colcon_ws/src/auto_nav/auto_nav': PYTHONPATH=/home/ramanathan/colcon_ws/src/auto_nav/auto_nav/build/auto_nav/prefix_override:/usr/lib/python3/dist-packages/colcon_core/task/python/colcon_distutils_commands:/home/ramanathan/colcon_ws/src/auto_nav/auto_nav/install/auto_nav/lib/python3.10/site-packages:${PYTHONPATH} /usr/bin/python3 -W ignore:setup.py install is deprecated -W ignore:easy_install command is deprecated setup.py egg_info --egg-base build/auto_nav build --build-base /home/ramanathan/colcon_ws/src/auto_nav/auto_nav/build/auto_nav/build install --record /home/ramanathan/colcon_ws/src/auto_nav/auto_nav/build/auto_nav/install.log --single-version-externally-managed install_data
[0.827s] running egg_info
[0.829s] writing build/auto_nav/auto_nav.egg-info/PKG-INFO
[0.829s] writing dependency_links to build/auto_nav/auto_nav.egg-info/dependency_links.txt
[0.829s] writing entry points to build/auto_nav/auto_nav.egg-info/entry_points.txt
[0.829s] writing requirements to build/auto_nav/auto_nav.egg-info/requires.txt
[0.829s] writing top-level names to build/auto_nav/auto_nav.egg-info/top_level.txt
[0.832s] reading manifest file 'build/auto_nav/auto_nav.egg-info/SOURCES.txt'
[0.833s] writing manifest file 'build/auto_nav/auto_nav.egg-info/SOURCES.txt'
[0.834s] running build
[0.834s] running build_py
[0.836s] copying ./RamIsBetter.py -> /home/ramanathan/colcon_ws/src/auto_nav/auto_nav/build/auto_nav/build/lib/auto_nav
[0.836s] running install
[0.836s] running install_lib
[0.838s] copying /home/ramanathan/colcon_ws/src/auto_nav/auto_nav/build/auto_nav/build/lib/auto_nav/RamIsBetter.py -> /home/ramanathan/colcon_ws/src/auto_nav/auto_nav/install/auto_nav/lib/python3.10/site-packages/auto_nav
[0.839s] byte-compiling /home/ramanathan/colcon_ws/src/auto_nav/auto_nav/install/auto_nav/lib/python3.10/site-packages/auto_nav/RamIsBetter.py to RamIsBetter.cpython-310.pyc
[0.843s] running install_data
[0.843s] running install_egg_info
[0.844s] removing '/home/ramanathan/colcon_ws/src/auto_nav/auto_nav/install/auto_nav/lib/python3.10/site-packages/auto_nav-0.0.0-py3.10.egg-info' (and everything under it)
[0.845s] Copying build/auto_nav/auto_nav.egg-info to /home/ramanathan/colcon_ws/src/auto_nav/auto_nav/install/auto_nav/lib/python3.10/site-packages/auto_nav-0.0.0-py3.10.egg-info
[0.846s] running install_scripts
[0.864s] Installing RamIsBetter script to /home/ramanathan/colcon_ws/src/auto_nav/auto_nav/install/auto_nav/bin
[0.864s] Installing aruco_node script to /home/ramanathan/colcon_ws/src/auto_nav/auto_nav/install/auto_nav/bin
[0.865s] Installing aruco_precision_dock script to /home/ramanathan/colcon_ws/src/auto_nav/auto_nav/install/auto_nav/bin
[0.865s] Installing auto_nav2 script to /home/ramanathan/colcon_ws/src/auto_nav/auto_nav/install/auto_nav/bin
[0.865s] Installing auto_nav_draft script to /home/ramanathan/colcon_ws/src/auto_nav/auto_nav/install/auto_nav/bin
[0.865s] Installing nav2_go_to_pose script to /home/ramanathan/colcon_ws/src/auto_nav/auto_nav/install/auto_nav/bin
[0.865s] Installing r2auto_nav script to /home/ramanathan/colcon_ws/src/auto_nav/auto_nav/install/auto_nav/bin
[0.865s] Installing r2mover script to /home/ramanathan/colcon_ws/src/auto_nav/auto_nav/install/auto_nav/bin
[0.865s] Installing r2moverotate script to /home/ramanathan/colcon_ws/src/auto_nav/auto_nav/install/auto_nav/bin
[0.865s] Installing r2occupancy script to /home/ramanathan/colcon_ws/src/auto_nav/auto_nav/install/auto_nav/bin
[0.865s] Installing r2occupancy2 script to /home/ramanathan/colcon_ws/src/auto_nav/auto_nav/install/auto_nav/bin
[0.866s] Installing r2scanner script to /home/ramanathan/colcon_ws/src/auto_nav/auto_nav/install/auto_nav/bin
[0.866s] Installing ros2_nav_aruco script to /home/ramanathan/colcon_ws/src/auto_nav/auto_nav/install/auto_nav/bin
[0.866s] writing list of installed files to '/home/ramanathan/colcon_ws/src/auto_nav/auto_nav/build/auto_nav/install.log'
[0.893s] Invoked command in '/home/ramanathan/colcon_ws/src/auto_nav/auto_nav' returned '0': PYTHONPATH=/home/ramanathan/colcon_ws/src/auto_nav/auto_nav/build/auto_nav/prefix_override:/usr/lib/python3/dist-packages/colcon_core/task/python/colcon_distutils_commands:/home/ramanathan/colcon_ws/src/auto_nav/auto_nav/install/auto_nav/lib/python3.10/site-packages:${PYTHONPATH} /usr/bin/python3 -W ignore:setup.py install is deprecated -W ignore:easy_install command is deprecated setup.py egg_info --egg-base build/auto_nav build --build-base /home/ramanathan/colcon_ws/src/auto_nav/auto_nav/build/auto_nav/build install --record /home/ramanathan/colcon_ws/src/auto_nav/auto_nav/build/auto_nav/install.log --single-version-externally-managed install_data
