[INFO] [1776072968.090360337] [auto_nav]: AutoNav started.
[INFO] [1776072968.090991854] [auto_nav]: Waiting for /map, TF map->base_link, and Nav2...
[INFO] [1776072978.156486724] [auto_nav]: System ready.
[INFO] [1776072979.116333600] [auto_nav]: [frontier] Goal row=6 col=13 x=0.55 y=-0.35 path=7.8 cells
[INFO] [1776073007.137279073] [auto_nav]: Received stop_nav=True. Pausing exploration and cancelling Nav2 goals.
[WARN] [1776073007.137960065] [auto_nav]: Cancelling goal: stop_nav asserted by aruco_pid_dock
[INFO] [1776073012.188360657] [auto_nav]: Received stop_nav=False. Resuming exploration.
[INFO] [1776073013.141351629] [auto_nav]: [frontier] Goal row=31 col=8 x=0.05 y=1.02 path=14.7 cells
[INFO] [1776073016.070180723] [auto_nav]: Received stop_nav=True. Pausing exploration and cancelling Nav2 goals.
[WARN] [1776073016.070848472] [auto_nav]: Cancelling goal: stop_nav asserted by aruco_pid_dock
[INFO] [1776073024.026915466] [auto_nav]: Received stop_nav=False. Resuming exploration.
[INFO] [1776073024.151741009] [auto_nav]: [frontier] Goal row=31 col=8 x=0.05 y=1.02 path=15.7 cells
[INFO] [1776073025.556163372] [auto_nav]: Received stop_nav=True. Pausing exploration and cancelling Nav2 goals.
[WARN] [1776073025.556833550] [auto_nav]: Cancelling goal: stop_nav asserted by aruco_pid_dock
[INFO] [1776073036.293006755] [auto_nav]: Received stop_nav=False. Resuming exploration.
[INFO] [1776073037.144487737] [auto_nav]: [frontier] Goal row=31 col=8 x=0.05 y=1.01 path=15.7 cells
[INFO] [1776073041.231040092] [auto_nav]: Received stop_nav=True. Pausing exploration and cancelling Nav2 goals.
[WARN] [1776073041.231683212] [auto_nav]: Cancelling goal: stop_nav asserted by aruco_pid_dock
[INFO] [1776073048.885325748] [auto_nav]: Received stop_nav=False. Resuming exploration.
[INFO] [1776073049.152562769] [auto_nav]: [frontier] Goal row=31 col=8 x=0.04 y=1.01 path=16.7 cells
[INFO] [1776073050.073271883] [auto_nav]: Received stop_nav=True. Pausing exploration and cancelling Nav2 goals.
[WARN] [1776073050.073943590] [auto_nav]: Cancelling goal: stop_nav asserted by aruco_pid_dock
[INFO] [1776073059.793219797] [auto_nav]: Received stop_nav=False. Resuming exploration.
[INFO] [1776073060.127399571] [auto_nav]: [frontier] Goal row=31 col=8 x=0.02 y=1.01 path=17.7 cells
[INFO] [1776073061.706190326] [auto_nav]: Received stop_nav=True. Pausing exploration and cancelling Nav2 goals.
[WARN] [1776073061.706831948] [auto_nav]: Cancelling goal: stop_nav asserted by aruco_pid_dock
[INFO] [1776073070.125161723] [auto_nav]: Received stop_nav=False. Resuming exploration.
[INFO] [1776073071.136056097] [auto_nav]: [frontier] Goal row=31 col=8 x=0.02 y=1.01 path=17.7 cells
[INFO] [1776073071.973483687] [auto_nav]: Received stop_nav=True. Pausing exploration and cancelling Nav2 goals.
[WARN] [1776073071.974125395] [auto_nav]: Cancelling goal: stop_nav asserted by aruco_pid_dock
[INFO] [1776073083.361474753] [auto_nav]: Received stop_nav=False. Resuming exploration.
[INFO] [1776073084.153247968] [auto_nav]: [frontier] Goal row=31 col=8 x=0.03 y=1.02 path=18.7 cells
[INFO] [1776073085.388754472] [auto_nav]: Received stop_nav=True. Pausing exploration and cancelling Nav2 goals.
[WARN] [1776073085.389329894] [auto_nav]: Cancelling goal: stop_nav asserted by aruco_pid_dock
[INFO] [1776073094.031420301] [auto_nav]: Received stop_nav=False. Resuming exploration.
[INFO] [1776073094.155832049] [auto_nav]: [frontier] Goal row=31 col=8 x=0.03 y=1.02 path=20.1 cells
[INFO] [1776073095.242563062] [auto_nav]: Received stop_nav=True. Pausing exploration and cancelling Nav2 goals.
[WARN] [1776073095.243149411] [auto_nav]: Cancelling goal: stop_nav asserted by aruco_pid_dock
[INFO] [1776073108.293719595] [auto_nav]: Received stop_nav=False. Resuming exploration.
[INFO] [1776073109.156995874] [auto_nav]: No frontiers left. Switching to coverage mode. Unvisited cells: 403
[INFO] [1776073109.540310258] [auto_nav]: [coverage] Goal row=31 col=9 x=0.13 y=1.02 path=20.1 cells
[WARN] [1776073149.092851093] [auto_nav]: Cancelling goal: obstacle too close (0.23m)
[INFO] [1776073150.092715650] [auto_nav]: Waiting for clearance: 0.15m (0.0s)
[INFO] [1776073152.092019037] [auto_nav]: Waiting for clearance: 0.15m (2.0s)
[WARN] [1776073153.092404573] [auto_nav]: Front blocked for too long, backing up to recover.
[INFO] [1776073154.304683212] [auto_nav]: Waiting for clearance: 0.15m (0.0s)
[INFO] [1776073155.144851888] [auto_nav]: New frontiers found — back to frontier mode.
[INFO] [1776073155.571814424] [auto_nav]: [frontier] Goal row=48 col=31 x=-0.34 y=2.74 path=21.4 cells
[WARN] [1776073167.091486045] [auto_nav]: Cancelling goal: obstacle too close (0.20m)
[INFO] [1776073168.091506057] [auto_nav]: Waiting for clearance: 0.24m (0.0s)
[INFO] [1776073169.091516632] [auto_nav]: Waiting for clearance: 0.23m (1.0s)
[INFO] [1776073170.091727478] [auto_nav]: Waiting for clearance: 0.24m (2.0s)
[INFO] [1776073171.702145300] [auto_nav]: [frontier] Goal row=6 col=44 x=0.46 y=-1.73 path=35.9 cells
[WARN] [1776073189.092119970] [auto_nav]: Cancelling goal: obstacle too close (0.23m)
[INFO] [1776073190.091968352] [auto_nav]: Waiting for clearance: 0.20m (0.0s)
[INFO] [1776073192.590895040] [auto_nav]: [frontier] Goal row=14 col=42 x=-0.91 y=-2.64 path=31.9 cells
[WARN] [1776073200.091515123] [auto_nav]: Cancelling goal: obstacle too close (0.19m)
[INFO] [1776073201.091456669] [auto_nav]: Waiting for clearance: 0.16m (0.0s)
[INFO] [1776073202.091546199] [auto_nav]: Waiting for clearance: 0.17m (1.0s)
[INFO] [1776073203.091750171] [auto_nav]: Waiting for clearance: 0.18m (2.0s)
[WARN] [1776073204.092097288] [auto_nav]: Front blocked for too long, backing up to recover.
[INFO] [1776073205.304510762] [auto_nav]: Waiting for clearance: 0.18m (0.0s)
[INFO] [1776073207.091390359] [auto_nav]: Waiting for clearance: 0.17m (1.8s)
[WARN] [1776073208.091823035] [auto_nav]: Front blocked for too long, backing up to recover.
[INFO] [1776073209.303114409] [auto_nav]: Waiting for clearance: 0.17m (0.0s)
[INFO] [1776073211.092583716] [auto_nav]: Waiting for clearance: 0.17m (1.8s)
[WARN] [1776073212.092621824] [auto_nav]: Front blocked for too long, backing up to recover.
[INFO] [1776073213.303301837] [auto_nav]: Waiting for clearance: 0.17m (0.0s)
[INFO] [1776073215.092296737] [auto_nav]: Waiting for clearance: 0.17m (1.8s)
[WARN] [1776073216.092386892] [auto_nav]: Front blocked for too long, backing up to recover.
[INFO] [1776073217.303241392] [auto_nav]: Waiting for clearance: 0.17m (0.0s)
[INFO] [1776073219.092043480] [auto_nav]: Waiting for clearance: 0.17m (1.8s)
[WARN] [1776073220.092383464] [auto_nav]: Front blocked for too long, backing up to recover.
[INFO] [1776073221.305524366] [auto_nav]: Waiting for clearance: 0.17m (0.0s)
[INFO] [1776073223.092098689] [auto_nav]: Waiting for clearance: 0.17m (1.8s)
[WARN] [1776073224.092398169] [auto_nav]: Front blocked for too long, backing up to recover.
[INFO] [1776073225.305866997] [auto_nav]: Waiting for clearance: 0.17m (0.0s)
[INFO] [1776073227.091561121] [auto_nav]: Waiting for clearance: 0.17m (1.8s)
[WARN] [1776073228.092068216] [auto_nav]: Front blocked for too long, backing up to recover.
[INFO] [1776073229.305567110] [auto_nav]: Waiting for clearance: 0.17m (0.0s)
[INFO] [1776073231.091573759] [auto_nav]: Waiting for clearance: 0.17m (1.8s)
[WARN] [1776073232.091647879] [auto_nav]: Front blocked for too long, backing up to recover.
[INFO] [1776073233.305841468] [auto_nav]: Waiting for clearance: 0.17m (0.0s)
[INFO] [1776073235.091619599] [auto_nav]: Waiting for clearance: 0.17m (1.8s)
[WARN] [1776073236.092157462] [auto_nav]: Front blocked for too long, backing up to recover.
[INFO] [1776073237.305153607] [auto_nav]: Waiting for clearance: 0.17m (0.0s)
[INFO] [1776073239.092368692] [auto_nav]: Waiting for clearance: 0.17m (1.8s)
[WARN] [1776073240.092197830] [auto_nav]: Front blocked for too long, backing up to recover.
[INFO] [1776073241.303907719] [auto_nav]: Waiting for clearance: 0.17m (0.0s)
[INFO] [1776073243.092352292] [auto_nav]: Waiting for clearance: 0.17m (1.8s)
[WARN] [1776073244.092133905] [auto_nav]: Front blocked for too long, backing up to recover.
[INFO] [1776073245.307745458] [auto_nav]: Waiting for clearance: 0.17m (0.0s)
[INFO] [1776073247.092125236] [auto_nav]: Waiting for clearance: 0.17m (1.8s)
[WARN] [1776073248.092485077] [auto_nav]: Front blocked for too long, backing up to recover.
[INFO] [1776073249.306517512] [auto_nav]: Waiting for clearance: 0.17m (0.0s)
[INFO] [1776073251.092410300] [auto_nav]: Waiting for clearance: 0.17m (1.8s)
[WARN] [1776073252.092429989] [auto_nav]: Front blocked for too long, backing up to recover.
[INFO] [1776073253.307280131] [auto_nav]: Waiting for clearance: 0.17m (0.0s)
[INFO] [1776073255.091574983] [auto_nav]: Waiting for clearance: 0.17m (1.8s)
[WARN] [1776073256.091638305] [auto_nav]: Front blocked for too long, backing up to recover.
[INFO] [1776073257.305268701] [auto_nav]: Waiting for clearance: 0.17m (0.0s)
