[0.102s] DEBUG:colcon:Command line arguments: ['/usr/bin/colcon', 'build', '--packages-select', 'auto_nav']
[0.102s] DEBUG:colcon:Parsed command line arguments: Namespace(log_base=None, log_level=None, verb_name='build', build_base='build', install_base='install', merge_install=False, symlink_install=False, test_result_base=None, continue_on_error=False, executor='parallel', parallel_workers=16, event_handlers=None, ignore_user_meta=False, metas=['./colcon.meta'], base_paths=['.'], packages_ignore=None, packages_ignore_regex=None, paths=None, packages_up_to=None, packages_up_to_regex=None, packages_above=None, packages_above_and_dependencies=None, packages_above_depth=None, packages_select_by_dep=None, packages_skip_by_dep=None, packages_skip_up_to=None, packages_select_build_failed=False, packages_skip_build_finished=False, packages_select_test_failures=False, packages_skip_test_passed=False, packages_select=['auto_nav'], packages_skip=None, packages_select_regex=None, packages_skip_regex=None, packages_start=None, packages_end=None, allow_overriding=[], cmake_args=None, cmake_target=None, cmake_target_skip_unavailable=False, cmake_clean_cache=False, cmake_clean_first=False, cmake_force_configure=False, ament_cmake_args=None, catkin_cmake_args=None, catkin_skip_building_tests=False, mixin_files=None, mixin=None, verb_parser=<colcon_mixin.mixin.mixin_argument.MixinArgumentDecorator object at 0x7d402bd654b0>, verb_extension=<colcon_core.verb.build.BuildVerb object at 0x7d402bd64f40>, main=<bound method BuildVerb.main of <colcon_core.verb.build.BuildVerb object at 0x7d402bd64f40>>, mixin_verb=('build',))
[0.263s] Level 1:colcon.colcon_core.package_discovery:discover_packages(colcon_meta) check parameters
[0.263s] Level 1:colcon.colcon_core.package_discovery:discover_packages(recursive) check parameters
[0.263s] Level 1:colcon.colcon_core.package_discovery:discover_packages(ignore) check parameters
[0.263s] Level 1:colcon.colcon_core.package_discovery:discover_packages(path) check parameters
[0.263s] Level 1:colcon.colcon_core.package_discovery:discover_packages(colcon_meta) discover
[0.263s] Level 1:colcon.colcon_core.package_discovery:discover_packages(recursive) discover
[0.263s] INFO:colcon.colcon_core.package_discovery:Crawling recursively for packages in '/home/ramanathan/colcon_ws/src/auto_nav/auto_nav'
[0.263s] Level 1:colcon.colcon_core.package_identification:_identify(.) by extensions ['ignore', 'ignore_ament_install']
[0.264s] Level 1:colcon.colcon_core.package_identification:_identify(.) by extension 'ignore'
[0.264s] Level 1:colcon.colcon_core.package_identification:_identify(.) by extension 'ignore_ament_install'
[0.264s] Level 1:colcon.colcon_core.package_identification:_identify(.) by extensions ['colcon_pkg']
[0.264s] Level 1:colcon.colcon_core.package_identification:_identify(.) by extension 'colcon_pkg'
[0.264s] Level 1:colcon.colcon_core.package_identification:_identify(.) by extensions ['colcon_meta']
[0.264s] Level 1:colcon.colcon_core.package_identification:_identify(.) by extension 'colcon_meta'
[0.264s] Level 1:colcon.colcon_core.package_identification:_identify(.) by extensions ['ros']
[0.264s] Level 1:colcon.colcon_core.package_identification:_identify(.) by extension 'ros'
[0.305s] DEBUG:colcon.colcon_core.package_identification:Package '.' with type 'ros.ament_python' and name 'auto_nav'
[0.305s] Level 1:colcon.colcon_core.package_discovery:discover_packages(recursive) using defaults
[0.305s] Level 1:colcon.colcon_core.package_discovery:discover_packages(ignore) discover
[0.305s] Level 1:colcon.colcon_core.package_discovery:discover_packages(ignore) using defaults
[0.305s] Level 1:colcon.colcon_core.package_discovery:discover_packages(path) discover
[0.305s] Level 1:colcon.colcon_core.package_discovery:discover_packages(path) using defaults
[0.323s] Level 1:colcon.colcon_core.package_discovery:discover_packages(prefix_path) check parameters
[0.324s] Level 1:colcon.colcon_core.package_discovery:discover_packages(prefix_path) discover
[0.326s] DEBUG:colcon.colcon_installed_package_information.package_discovery:Found 5 installed packages in /home/ramanathan/colcon_ws/install
[0.326s] DEBUG:colcon.colcon_installed_package_information.package_discovery:Found 1 installed packages in /home/ramanathan/colcon_ws/src/auto_nav/install
[0.327s] DEBUG:colcon.colcon_installed_package_information.package_discovery:Found 12 installed packages in /home/ramanathan/turtlebot3_ws/install
[0.331s] DEBUG:colcon.colcon_installed_package_information.package_discovery:Found 460 installed packages in /opt/ros/humble
[0.334s] Level 1:colcon.colcon_core.package_discovery:discover_packages(prefix_path) using defaults
[0.386s] Level 5:colcon.colcon_core.verb:set package 'auto_nav' build argument 'cmake_args' from command line to 'None'
[0.386s] Level 5:colcon.colcon_core.verb:set package 'auto_nav' build argument 'cmake_target' from command line to 'None'
[0.386s] Level 5:colcon.colcon_core.verb:set package 'auto_nav' build argument 'cmake_target_skip_unavailable' from command line to 'False'
[0.386s] Level 5:colcon.colcon_core.verb:set package 'auto_nav' build argument 'cmake_clean_cache' from command line to 'False'
[0.386s] Level 5:colcon.colcon_core.verb:set package 'auto_nav' build argument 'cmake_clean_first' from command line to 'False'
[0.386s] Level 5:colcon.colcon_core.verb:set package 'auto_nav' build argument 'cmake_force_configure' from command line to 'False'
[0.386s] Level 5:colcon.colcon_core.verb:set package 'auto_nav' build argument 'ament_cmake_args' from command line to 'None'
[0.386s] Level 5:colcon.colcon_core.verb:set package 'auto_nav' build argument 'catkin_cmake_args' from command line to 'None'
[0.386s] Level 5:colcon.colcon_core.verb:set package 'auto_nav' build argument 'catkin_skip_building_tests' from command line to 'False'
[0.386s] DEBUG:colcon.colcon_core.verb:Building package 'auto_nav' with the following arguments: {'ament_cmake_args': None, 'build_base': '/home/ramanathan/colcon_ws/src/auto_nav/auto_nav/build/auto_nav', 'catkin_cmake_args': None, 'catkin_skip_building_tests': False, 'cmake_args': None, 'cmake_clean_cache': False, 'cmake_clean_first': False, 'cmake_force_configure': False, 'cmake_target': None, 'cmake_target_skip_unavailable': False, 'install_base': '/home/ramanathan/colcon_ws/src/auto_nav/auto_nav/install/auto_nav', 'merge_install': False, 'path': '/home/ramanathan/colcon_ws/src/auto_nav/auto_nav', 'symlink_install': False, 'test_result_base': None}
[0.386s] INFO:colcon.colcon_core.executor:Executing jobs using 'parallel' executor
[0.387s] DEBUG:colcon.colcon_parallel_executor.executor.parallel:run_until_complete
[0.387s] INFO:colcon.colcon_ros.task.ament_python.build:Building ROS package in '/home/ramanathan/colcon_ws/src/auto_nav/auto_nav' with build type 'ament_python'
[0.387s] Level 1:colcon.colcon_core.shell:create_environment_hook('auto_nav', 'ament_prefix_path')
[0.389s] INFO:colcon.colcon_core.plugin_system:Skipping extension 'colcon_core.shell.bat': Not used on non-Windows systems
[0.389s] INFO:colcon.colcon_core.shell:Creating environment hook '/home/ramanathan/colcon_ws/src/auto_nav/auto_nav/install/auto_nav/share/auto_nav/hook/ament_prefix_path.ps1'
[0.390s] INFO:colcon.colcon_core.shell:Creating environment descriptor '/home/ramanathan/colcon_ws/src/auto_nav/auto_nav/install/auto_nav/share/auto_nav/hook/ament_prefix_path.dsv'
[0.390s] INFO:colcon.colcon_core.shell:Creating environment hook '/home/ramanathan/colcon_ws/src/auto_nav/auto_nav/install/auto_nav/share/auto_nav/hook/ament_prefix_path.sh'
[0.391s] INFO:colcon.colcon_core.shell:Skip shell extension 'powershell' for command environment: Not usable outside of PowerShell
[0.391s] DEBUG:colcon.colcon_core.shell:Skip shell extension 'dsv' for command environment
[30.655s] INFO:colcon.colcon_core.task.python.build:Building Python package in '/home/ramanathan/colcon_ws/src/auto_nav/auto_nav'
[30.655s] INFO:colcon.colcon_core.shell:Skip shell extension 'powershell' for command environment: Not usable outside of PowerShell
[30.656s] DEBUG:colcon.colcon_core.shell:Skip shell extension 'dsv' for command environment
[60.779s] DEBUG:colcon.colcon_core.event_handler.log_command:Invoking command in '/home/ramanathan/colcon_ws/src/auto_nav/auto_nav': PYTHONPATH=/home/ramanathan/colcon_ws/src/auto_nav/auto_nav/build/auto_nav/prefix_override:/usr/lib/python3/dist-packages/colcon_core/task/python/colcon_distutils_commands:/home/ramanathan/colcon_ws/src/auto_nav/auto_nav/install/auto_nav/lib/python3.10/site-packages:${PYTHONPATH} /usr/bin/python3 -W ignore:setup.py install is deprecated -W ignore:easy_install command is deprecated setup.py egg_info --egg-base build/auto_nav build --build-base /home/ramanathan/colcon_ws/src/auto_nav/auto_nav/build/auto_nav/build install --record /home/ramanathan/colcon_ws/src/auto_nav/auto_nav/build/auto_nav/install.log --single-version-externally-managed install_data
[61.053s] DEBUG:colcon.colcon_core.event_handler.log_command:Invoked command in '/home/ramanathan/colcon_ws/src/auto_nav/auto_nav' returned '0': PYTHONPATH=/home/ramanathan/colcon_ws/src/auto_nav/auto_nav/build/auto_nav/prefix_override:/usr/lib/python3/dist-packages/colcon_core/task/python/colcon_distutils_commands:/home/ramanathan/colcon_ws/src/auto_nav/auto_nav/install/auto_nav/lib/python3.10/site-packages:${PYTHONPATH} /usr/bin/python3 -W ignore:setup.py install is deprecated -W ignore:easy_install command is deprecated setup.py egg_info --egg-base build/auto_nav build --build-base /home/ramanathan/colcon_ws/src/auto_nav/auto_nav/build/auto_nav/build install --record /home/ramanathan/colcon_ws/src/auto_nav/auto_nav/build/auto_nav/install.log --single-version-externally-managed install_data
[61.055s] Level 1:colcon.colcon_core.environment:checking '/home/ramanathan/colcon_ws/src/auto_nav/auto_nav/install/auto_nav' for CMake module files
[61.056s] Level 1:colcon.colcon_core.environment:checking '/home/ramanathan/colcon_ws/src/auto_nav/auto_nav/install/auto_nav' for CMake config files
[61.057s] Level 1:colcon.colcon_core.environment:checking '/home/ramanathan/colcon_ws/src/auto_nav/auto_nav/install/auto_nav/lib'
[61.057s] Level 1:colcon.colcon_core.environment:checking '/home/ramanathan/colcon_ws/src/auto_nav/auto_nav/install/auto_nav/bin'
[61.057s] Level 1:colcon.colcon_core.shell:create_environment_hook('auto_nav', 'path')
[61.057s] INFO:colcon.colcon_core.shell:Creating environment hook '/home/ramanathan/colcon_ws/src/auto_nav/auto_nav/install/auto_nav/share/auto_nav/hook/path.ps1'
[61.057s] INFO:colcon.colcon_core.shell:Creating environment descriptor '/home/ramanathan/colcon_ws/src/auto_nav/auto_nav/install/auto_nav/share/auto_nav/hook/path.dsv'
[61.058s] INFO:colcon.colcon_core.shell:Creating environment hook '/home/ramanathan/colcon_ws/src/auto_nav/auto_nav/install/auto_nav/share/auto_nav/hook/path.sh'
[61.058s] Level 1:colcon.colcon_core.environment:checking '/home/ramanathan/colcon_ws/src/auto_nav/auto_nav/install/auto_nav/lib/pkgconfig/auto_nav.pc'
[61.058s] Level 1:colcon.colcon_core.environment:checking '/home/ramanathan/colcon_ws/src/auto_nav/auto_nav/install/auto_nav/lib/python3.10/site-packages'
[61.058s] Level 1:colcon.colcon_core.shell:create_environment_hook('auto_nav', 'pythonpath')
[61.058s] INFO:colcon.colcon_core.shell:Creating environment hook '/home/ramanathan/colcon_ws/src/auto_nav/auto_nav/install/auto_nav/share/auto_nav/hook/pythonpath.ps1'
[61.059s] INFO:colcon.colcon_core.shell:Creating environment descriptor '/home/ramanathan/colcon_ws/src/auto_nav/auto_nav/install/auto_nav/share/auto_nav/hook/pythonpath.dsv'
[61.059s] INFO:colcon.colcon_core.shell:Creating environment hook '/home/ramanathan/colcon_ws/src/auto_nav/auto_nav/install/auto_nav/share/auto_nav/hook/pythonpath.sh'
[61.060s] Level 1:colcon.colcon_core.environment:checking '/home/ramanathan/colcon_ws/src/auto_nav/auto_nav/install/auto_nav/bin'
[61.060s] Level 1:colcon.colcon_core.shell:create_environment_hook('auto_nav', 'pythonscriptspath')
[61.060s] INFO:colcon.colcon_core.shell:Creating environment hook '/home/ramanathan/colcon_ws/src/auto_nav/auto_nav/install/auto_nav/share/auto_nav/hook/pythonscriptspath.ps1'
[61.060s] INFO:colcon.colcon_core.shell:Creating environment descriptor '/home/ramanathan/colcon_ws/src/auto_nav/auto_nav/install/auto_nav/share/auto_nav/hook/pythonscriptspath.dsv'
[61.061s] INFO:colcon.colcon_core.shell:Creating environment hook '/home/ramanathan/colcon_ws/src/auto_nav/auto_nav/install/auto_nav/share/auto_nav/hook/pythonscriptspath.sh'
[61.061s] Level 1:colcon.colcon_core.environment:create_environment_scripts_only(auto_nav)
[61.061s] INFO:colcon.colcon_core.shell:Creating package script '/home/ramanathan/colcon_ws/src/auto_nav/auto_nav/install/auto_nav/share/auto_nav/package.ps1'
[61.062s] INFO:colcon.colcon_core.shell:Creating package descriptor '/home/ramanathan/colcon_ws/src/auto_nav/auto_nav/install/auto_nav/share/auto_nav/package.dsv'
[61.063s] INFO:colcon.colcon_core.shell:Creating package script '/home/ramanathan/colcon_ws/src/auto_nav/auto_nav/install/auto_nav/share/auto_nav/package.sh'
[61.063s] INFO:colcon.colcon_core.shell:Creating package script '/home/ramanathan/colcon_ws/src/auto_nav/auto_nav/install/auto_nav/share/auto_nav/package.bash'
[61.064s] INFO:colcon.colcon_core.shell:Creating package script '/home/ramanathan/colcon_ws/src/auto_nav/auto_nav/install/auto_nav/share/auto_nav/package.zsh'
[61.064s] Level 1:colcon.colcon_core.environment:create_file_with_runtime_dependencies(/home/ramanathan/colcon_ws/src/auto_nav/auto_nav/install/auto_nav/share/colcon-core/packages/auto_nav)
[61.065s] DEBUG:colcon.colcon_parallel_executor.executor.parallel:closing loop
[61.065s] DEBUG:colcon.colcon_parallel_executor.executor.parallel:loop closed
[61.065s] DEBUG:colcon.colcon_parallel_executor.executor.parallel:run_until_complete finished with '0'
[61.065s] DEBUG:colcon.colcon_core.event_reactor:joining thread
[61.070s] INFO:colcon.colcon_core.plugin_system:Skipping extension 'colcon_notification.desktop_notification.terminal_notifier': Not used on non-Darwin systems
[61.070s] INFO:colcon.colcon_core.plugin_system:Skipping extension 'colcon_notification.desktop_notification.win32': Not used on non-Windows systems
[61.070s] INFO:colcon.colcon_notification.desktop_notification:Sending desktop notification using 'notify2'
[61.070s] DEBUG:colcon.colcon_notification.desktop_notification.notify2:Failed to initialize notify2: org.freedesktop.DBus.Error.AccessDenied: Failed to connect to socket /run/user/1000/bus: Operation not permitted
[61.071s] DEBUG:colcon.colcon_core.event_reactor:joined thread
[61.071s] INFO:colcon.colcon_core.shell:Creating prefix script '/home/ramanathan/colcon_ws/src/auto_nav/auto_nav/install/local_setup.ps1'
[61.072s] INFO:colcon.colcon_core.shell:Creating prefix util module '/home/ramanathan/colcon_ws/src/auto_nav/auto_nav/install/_local_setup_util_ps1.py'
[61.073s] INFO:colcon.colcon_core.shell:Creating prefix chain script '/home/ramanathan/colcon_ws/src/auto_nav/auto_nav/install/setup.ps1'
[61.075s] INFO:colcon.colcon_core.shell:Creating prefix script '/home/ramanathan/colcon_ws/src/auto_nav/auto_nav/install/local_setup.sh'
[61.075s] INFO:colcon.colcon_core.shell:Creating prefix util module '/home/ramanathan/colcon_ws/src/auto_nav/auto_nav/install/_local_setup_util_sh.py'
[61.076s] INFO:colcon.colcon_core.shell:Creating prefix chain script '/home/ramanathan/colcon_ws/src/auto_nav/auto_nav/install/setup.sh'
[61.077s] INFO:colcon.colcon_core.shell:Creating prefix script '/home/ramanathan/colcon_ws/src/auto_nav/auto_nav/install/local_setup.bash'
[61.078s] INFO:colcon.colcon_core.shell:Creating prefix chain script '/home/ramanathan/colcon_ws/src/auto_nav/auto_nav/install/setup.bash'
[61.079s] INFO:colcon.colcon_core.shell:Creating prefix script '/home/ramanathan/colcon_ws/src/auto_nav/auto_nav/install/local_setup.zsh'
[61.080s] INFO:colcon.colcon_core.shell:Creating prefix chain script '/home/ramanathan/colcon_ws/src/auto_nav/auto_nav/install/setup.zsh'
