[0.613s] Invoking command in '/home/ramanathan/colcon_ws/src/auto_nav/auto_nav': PYTHONPATH=/home/ramanathan/colcon_ws/src/auto_nav/auto_nav/build/auto_nav/prefix_override:/usr/lib/python3/dist-packages/colcon_core/task/python/colcon_distutils_commands:/home/ramanathan/colcon_ws/src/auto_nav/auto_nav/install/auto_nav/lib/python3.10/site-packages:${PYTHONPATH} /usr/bin/python3 -W ignore:setup.py install is deprecated -W ignore:easy_install command is deprecated setup.py egg_info --egg-base build/auto_nav build --build-base /home/ramanathan/colcon_ws/src/auto_nav/auto_nav/build/auto_nav/build install --record /home/ramanathan/colcon_ws/src/auto_nav/auto_nav/build/auto_nav/install.log --single-version-externally-managed install_data
[0.842s] running egg_info
[0.843s] writing build/auto_nav/auto_nav.egg-info/PKG-INFO
[0.843s] writing dependency_links to build/auto_nav/auto_nav.egg-info/dependency_links.txt
[0.843s] writing entry points to build/auto_nav/auto_nav.egg-info/entry_points.txt
[0.843s] writing requirements to build/auto_nav/auto_nav.egg-info/requires.txt
[0.843s] writing top-level names to build/auto_nav/auto_nav.egg-info/top_level.txt
[0.845s] reading manifest file 'build/auto_nav/auto_nav.egg-info/SOURCES.txt'
[0.846s] writing manifest file 'build/auto_nav/auto_nav.egg-info/SOURCES.txt'
[0.846s] running build
[0.846s] running build_py
[0.847s] copying ./nav2_go_to_pose.py -> /home/ramanathan/colcon_ws/src/auto_nav/auto_nav/build/auto_nav/build/lib/auto_nav
[0.847s] copying ./ros2_nav_aruco.py -> /home/ramanathan/colcon_ws/src/auto_nav/auto_nav/build/auto_nav/build/lib/auto_nav
[0.847s] running install
[0.848s] running install_lib
[0.849s] copying /home/ramanathan/colcon_ws/src/auto_nav/auto_nav/build/auto_nav/build/lib/auto_nav/nav2_go_to_pose.py -> /home/ramanathan/colcon_ws/src/auto_nav/auto_nav/install/auto_nav/lib/python3.10/site-packages/auto_nav
[0.849s] copying /home/ramanathan/colcon_ws/src/auto_nav/auto_nav/build/auto_nav/build/lib/auto_nav/ros2_nav_aruco.py -> /home/ramanathan/colcon_ws/src/auto_nav/auto_nav/install/auto_nav/lib/python3.10/site-packages/auto_nav
[0.850s] byte-compiling /home/ramanathan/colcon_ws/src/auto_nav/auto_nav/install/auto_nav/lib/python3.10/site-packages/auto_nav/nav2_go_to_pose.py to nav2_go_to_pose.cpython-310.pyc
[0.851s] byte-compiling /home/ramanathan/colcon_ws/src/auto_nav/auto_nav/install/auto_nav/lib/python3.10/site-packages/auto_nav/ros2_nav_aruco.py to ros2_nav_aruco.cpython-310.pyc
[0.857s] running install_data
[0.857s] running install_egg_info
[0.859s] removing '/home/ramanathan/colcon_ws/src/auto_nav/auto_nav/install/auto_nav/lib/python3.10/site-packages/auto_nav-0.0.0-py3.10.egg-info' (and everything under it)
[0.859s] Copying build/auto_nav/auto_nav.egg-info to /home/ramanathan/colcon_ws/src/auto_nav/auto_nav/install/auto_nav/lib/python3.10/site-packages/auto_nav-0.0.0-py3.10.egg-info
[0.860s] running install_scripts
[0.877s] Installing aruco_node script to /home/ramanathan/colcon_ws/src/auto_nav/auto_nav/install/auto_nav/bin
[0.878s] Installing auto_nav2 script to /home/ramanathan/colcon_ws/src/auto_nav/auto_nav/install/auto_nav/bin
[0.878s] Installing auto_nav_draft script to /home/ramanathan/colcon_ws/src/auto_nav/auto_nav/install/auto_nav/bin
[0.878s] Installing nav2_go_to_pose script to /home/ramanathan/colcon_ws/src/auto_nav/auto_nav/install/auto_nav/bin
[0.878s] Installing r2auto_nav script to /home/ramanathan/colcon_ws/src/auto_nav/auto_nav/install/auto_nav/bin
[0.878s] Installing r2mover script to /home/ramanathan/colcon_ws/src/auto_nav/auto_nav/install/auto_nav/bin
[0.878s] Installing r2moverotate script to /home/ramanathan/colcon_ws/src/auto_nav/auto_nav/install/auto_nav/bin
[0.878s] Installing r2occupancy script to /home/ramanathan/colcon_ws/src/auto_nav/auto_nav/install/auto_nav/bin
[0.878s] Installing r2occupancy2 script to /home/ramanathan/colcon_ws/src/auto_nav/auto_nav/install/auto_nav/bin
[0.878s] Installing r2scanner script to /home/ramanathan/colcon_ws/src/auto_nav/auto_nav/install/auto_nav/bin
[0.878s] Installing ros2_nav_aruco script to /home/ramanathan/colcon_ws/src/auto_nav/auto_nav/install/auto_nav/bin
[0.878s] writing list of installed files to '/home/ramanathan/colcon_ws/src/auto_nav/auto_nav/build/auto_nav/install.log'
[0.907s] Invoked command in '/home/ramanathan/colcon_ws/src/auto_nav/auto_nav' returned '0': PYTHONPATH=/home/ramanathan/colcon_ws/src/auto_nav/auto_nav/build/auto_nav/prefix_override:/usr/lib/python3/dist-packages/colcon_core/task/python/colcon_distutils_commands:/home/ramanathan/colcon_ws/src/auto_nav/auto_nav/install/auto_nav/lib/python3.10/site-packages:${PYTHONPATH} /usr/bin/python3 -W ignore:setup.py install is deprecated -W ignore:easy_install command is deprecated setup.py egg_info --egg-base build/auto_nav build --build-base /home/ramanathan/colcon_ws/src/auto_nav/auto_nav/build/auto_nav/build install --record /home/ramanathan/colcon_ws/src/auto_nav/auto_nav/build/auto_nav/install.log --single-version-externally-managed install_data
