/home/ramanathan/colcon_ws/src/auto_nav/auto_nav/install/auto_nav/lib/python3.10/site-packages/auto_nav/ros2_aruco.py
/home/ramanathan/colcon_ws/src/auto_nav/auto_nav/install/auto_nav/lib/python3.10/site-packages/auto_nav/ros2_camera.py
/home/ramanathan/colcon_ws/src/auto_nav/auto_nav/install/auto_nav/lib/python3.10/site-packages/auto_nav/r2scanner.py
/home/ramanathan/colcon_ws/src/auto_nav/auto_nav/install/auto_nav/lib/python3.10/site-packages/auto_nav/r2auto_nav.py
/home/ramanathan/colcon_ws/src/auto_nav/auto_nav/install/auto_nav/lib/python3.10/site-packages/auto_nav/ros2_nav.py
/home/ramanathan/colcon_ws/src/auto_nav/auto_nav/install/auto_nav/lib/python3.10/site-packages/auto_nav/nav2_go_to_pose.py
/home/ramanathan/colcon_ws/src/auto_nav/auto_nav/install/auto_nav/lib/python3.10/site-packages/auto_nav/r2moverotate.py
/home/ramanathan/colcon_ws/src/auto_nav/auto_nav/install/auto_nav/lib/python3.10/site-packages/auto_nav/r2occupancy2.py
/home/ramanathan/colcon_ws/src/auto_nav/auto_nav/install/auto_nav/lib/python3.10/site-packages/auto_nav/auto_nav2.py
/home/ramanathan/colcon_ws/src/auto_nav/auto_nav/install/auto_nav/lib/python3.10/site-packages/auto_nav/servo_motor_run.py
/home/ramanathan/colcon_ws/src/auto_nav/auto_nav/install/auto_nav/lib/python3.10/site-packages/auto_nav/ros2_nav_aruco.py
/home/ramanathan/colcon_ws/src/auto_nav/auto_nav/install/auto_nav/lib/python3.10/site-packages/auto_nav/ros2_aruco4.py
/home/ramanathan/colcon_ws/src/auto_nav/auto_nav/install/auto_nav/lib/python3.10/site-packages/auto_nav/ros2_camera2.py
/home/ramanathan/colcon_ws/src/auto_nav/auto_nav/install/auto_nav/lib/python3.10/site-packages/auto_nav/r2mover.py
/home/ramanathan/colcon_ws/src/auto_nav/auto_nav/install/auto_nav/lib/python3.10/site-packages/auto_nav/__init__.py
/home/ramanathan/colcon_ws/src/auto_nav/auto_nav/install/auto_nav/lib/python3.10/site-packages/auto_nav/E2.py
/home/ramanathan/colcon_ws/src/auto_nav/auto_nav/install/auto_nav/lib/python3.10/site-packages/auto_nav/ros2_aruco3.py
/home/ramanathan/colcon_ws/src/auto_nav/auto_nav/install/auto_nav/lib/python3.10/site-packages/auto_nav/r2occupancy.py
/home/ramanathan/colcon_ws/src/auto_nav/auto_nav/install/auto_nav/lib/python3.10/site-packages/auto_nav/ros2_aruco2.py
/home/ramanathan/colcon_ws/src/auto_nav/auto_nav/install/auto_nav/lib/python3.10/site-packages/auto_nav/RamIsBetter.py
/home/ramanathan/colcon_ws/src/auto_nav/auto_nav/install/auto_nav/lib/python3.10/site-packages/auto_nav/__pycache__/ros2_aruco.cpython-310.pyc
/home/ramanathan/colcon_ws/src/auto_nav/auto_nav/install/auto_nav/lib/python3.10/site-packages/auto_nav/__pycache__/ros2_camera.cpython-310.pyc
/home/ramanathan/colcon_ws/src/auto_nav/auto_nav/install/auto_nav/lib/python3.10/site-packages/auto_nav/__pycache__/r2scanner.cpython-310.pyc
/home/ramanathan/colcon_ws/src/auto_nav/auto_nav/install/auto_nav/lib/python3.10/site-packages/auto_nav/__pycache__/r2auto_nav.cpython-310.pyc
/home/ramanathan/colcon_ws/src/auto_nav/auto_nav/install/auto_nav/lib/python3.10/site-packages/auto_nav/__pycache__/ros2_nav.cpython-310.pyc
/home/ramanathan/colcon_ws/src/auto_nav/auto_nav/install/auto_nav/lib/python3.10/site-packages/auto_nav/__pycache__/nav2_go_to_pose.cpython-310.pyc
/home/ramanathan/colcon_ws/src/auto_nav/auto_nav/install/auto_nav/lib/python3.10/site-packages/auto_nav/__pycache__/r2moverotate.cpython-310.pyc
/home/ramanathan/colcon_ws/src/auto_nav/auto_nav/install/auto_nav/lib/python3.10/site-packages/auto_nav/__pycache__/r2occupancy2.cpython-310.pyc
/home/ramanathan/colcon_ws/src/auto_nav/auto_nav/install/auto_nav/lib/python3.10/site-packages/auto_nav/__pycache__/auto_nav2.cpython-310.pyc
/home/ramanathan/colcon_ws/src/auto_nav/auto_nav/install/auto_nav/lib/python3.10/site-packages/auto_nav/__pycache__/servo_motor_run.cpython-310.pyc
/home/ramanathan/colcon_ws/src/auto_nav/auto_nav/install/auto_nav/lib/python3.10/site-packages/auto_nav/__pycache__/ros2_nav_aruco.cpython-310.pyc
/home/ramanathan/colcon_ws/src/auto_nav/auto_nav/install/auto_nav/lib/python3.10/site-packages/auto_nav/__pycache__/ros2_aruco4.cpython-310.pyc
/home/ramanathan/colcon_ws/src/auto_nav/auto_nav/install/auto_nav/lib/python3.10/site-packages/auto_nav/__pycache__/ros2_camera2.cpython-310.pyc
/home/ramanathan/colcon_ws/src/auto_nav/auto_nav/install/auto_nav/lib/python3.10/site-packages/auto_nav/__pycache__/r2mover.cpython-310.pyc
/home/ramanathan/colcon_ws/src/auto_nav/auto_nav/install/auto_nav/lib/python3.10/site-packages/auto_nav/__pycache__/__init__.cpython-310.pyc
/home/ramanathan/colcon_ws/src/auto_nav/auto_nav/install/auto_nav/lib/python3.10/site-packages/auto_nav/__pycache__/E2.cpython-310.pyc
/home/ramanathan/colcon_ws/src/auto_nav/auto_nav/install/auto_nav/lib/python3.10/site-packages/auto_nav/__pycache__/ros2_aruco3.cpython-310.pyc
/home/ramanathan/colcon_ws/src/auto_nav/auto_nav/install/auto_nav/lib/python3.10/site-packages/auto_nav/__pycache__/r2occupancy.cpython-310.pyc
/home/ramanathan/colcon_ws/src/auto_nav/auto_nav/install/auto_nav/lib/python3.10/site-packages/auto_nav/__pycache__/ros2_aruco2.cpython-310.pyc
/home/ramanathan/colcon_ws/src/auto_nav/auto_nav/install/auto_nav/lib/python3.10/site-packages/auto_nav/__pycache__/RamIsBetter.cpython-310.pyc
/home/ramanathan/colcon_ws/src/auto_nav/auto_nav/install/auto_nav/share/ament_index/resource_index/packages/auto_nav
/home/ramanathan/colcon_ws/src/auto_nav/auto_nav/install/auto_nav/share/auto_nav/package.xml
/home/ramanathan/colcon_ws/src/auto_nav/auto_nav/install/auto_nav/lib/python3.10/site-packages/auto_nav-0.0.0-py3.10.egg-info/entry_points.txt
/home/ramanathan/colcon_ws/src/auto_nav/auto_nav/install/auto_nav/lib/python3.10/site-packages/auto_nav-0.0.0-py3.10.egg-info/top_level.txt
/home/ramanathan/colcon_ws/src/auto_nav/auto_nav/install/auto_nav/lib/python3.10/site-packages/auto_nav-0.0.0-py3.10.egg-info/PKG-INFO
/home/ramanathan/colcon_ws/src/auto_nav/auto_nav/install/auto_nav/lib/python3.10/site-packages/auto_nav-0.0.0-py3.10.egg-info/zip-safe
/home/ramanathan/colcon_ws/src/auto_nav/auto_nav/install/auto_nav/lib/python3.10/site-packages/auto_nav-0.0.0-py3.10.egg-info/SOURCES.txt
/home/ramanathan/colcon_ws/src/auto_nav/auto_nav/install/auto_nav/lib/python3.10/site-packages/auto_nav-0.0.0-py3.10.egg-info/dependency_links.txt
/home/ramanathan/colcon_ws/src/auto_nav/auto_nav/install/auto_nav/lib/python3.10/site-packages/auto_nav-0.0.0-py3.10.egg-info/requires.txt
/home/ramanathan/colcon_ws/src/auto_nav/auto_nav/install/auto_nav/bin/RamIsBetter
/home/ramanathan/colcon_ws/src/auto_nav/auto_nav/install/auto_nav/bin/aruco_node
/home/ramanathan/colcon_ws/src/auto_nav/auto_nav/install/auto_nav/bin/auto_nav2
/home/ramanathan/colcon_ws/src/auto_nav/auto_nav/install/auto_nav/bin/auto_nav_draft
/home/ramanathan/colcon_ws/src/auto_nav/auto_nav/install/auto_nav/bin/nav2_go_to_pose
/home/ramanathan/colcon_ws/src/auto_nav/auto_nav/install/auto_nav/bin/r2auto_nav
/home/ramanathan/colcon_ws/src/auto_nav/auto_nav/install/auto_nav/bin/r2mover
/home/ramanathan/colcon_ws/src/auto_nav/auto_nav/install/auto_nav/bin/r2moverotate
/home/ramanathan/colcon_ws/src/auto_nav/auto_nav/install/auto_nav/bin/r2occupancy
/home/ramanathan/colcon_ws/src/auto_nav/auto_nav/install/auto_nav/bin/r2occupancy2
/home/ramanathan/colcon_ws/src/auto_nav/auto_nav/install/auto_nav/bin/r2scanner
/home/ramanathan/colcon_ws/src/auto_nav/auto_nav/install/auto_nav/bin/ros2_nav_aruco
