[0.623s] Invoking command in '/home/ramanathan/colcon_ws/src/auto_nav/auto_nav': PYTHONPATH=/home/ramanathan/colcon_ws/src/auto_nav/auto_nav/build/auto_nav/prefix_override:/usr/lib/python3/dist-packages/colcon_core/task/python/colcon_distutils_commands:/home/ramanathan/colcon_ws/src/auto_nav/auto_nav/install/auto_nav/lib/python3.10/site-packages:${PYTHONPATH} /usr/bin/python3 -W ignore:setup.py install is deprecated -W ignore:easy_install command is deprecated setup.py egg_info --egg-base build/auto_nav build --build-base /home/ramanathan/colcon_ws/src/auto_nav/auto_nav/build/auto_nav/build install --record /home/ramanathan/colcon_ws/src/auto_nav/auto_nav/build/auto_nav/install.log --single-version-externally-managed install_data
[0.858s] running egg_info
[0.859s] writing build/auto_nav/auto_nav.egg-info/PKG-INFO
[0.859s] writing dependency_links to build/auto_nav/auto_nav.egg-info/dependency_links.txt
[0.859s] writing entry points to build/auto_nav/auto_nav.egg-info/entry_points.txt
[0.859s] writing requirements to build/auto_nav/auto_nav.egg-info/requires.txt
[0.859s] writing top-level names to build/auto_nav/auto_nav.egg-info/top_level.txt
[0.861s] reading manifest file 'build/auto_nav/auto_nav.egg-info/SOURCES.txt'
[0.862s] writing manifest file 'build/auto_nav/auto_nav.egg-info/SOURCES.txt'
[0.863s] running build
[0.863s] running build_py
[0.863s] copying ./ros2_nav.py -> /home/ramanathan/colcon_ws/src/auto_nav/auto_nav/build/auto_nav/build/lib/auto_nav
[0.863s] copying ./ros2_Aruco.py -> /home/ramanathan/colcon_ws/src/auto_nav/auto_nav/build/auto_nav/build/lib/auto_nav
[0.864s] copying ./ros2_navAruco.py -> /home/ramanathan/colcon_ws/src/auto_nav/auto_nav/build/auto_nav/build/lib/auto_nav
[0.864s] copying ./KailerIsBetter.py -> /home/ramanathan/colcon_ws/src/auto_nav/auto_nav/build/auto_nav/build/lib/auto_nav
[0.864s] copying ./RamIsBetter.py -> /home/ramanathan/colcon_ws/src/auto_nav/auto_nav/build/auto_nav/build/lib/auto_nav
[0.865s] running install
[0.865s] running install_lib
[0.866s] copying /home/ramanathan/colcon_ws/src/auto_nav/auto_nav/build/auto_nav/build/lib/auto_nav/ros2_nav.py -> /home/ramanathan/colcon_ws/src/auto_nav/auto_nav/install/auto_nav/lib/python3.10/site-packages/auto_nav
[0.866s] copying /home/ramanathan/colcon_ws/src/auto_nav/auto_nav/build/auto_nav/build/lib/auto_nav/ros2_Aruco.py -> /home/ramanathan/colcon_ws/src/auto_nav/auto_nav/install/auto_nav/lib/python3.10/site-packages/auto_nav
[0.866s] copying /home/ramanathan/colcon_ws/src/auto_nav/auto_nav/build/auto_nav/build/lib/auto_nav/ros2_navAruco.py -> /home/ramanathan/colcon_ws/src/auto_nav/auto_nav/install/auto_nav/lib/python3.10/site-packages/auto_nav
[0.867s] copying /home/ramanathan/colcon_ws/src/auto_nav/auto_nav/build/auto_nav/build/lib/auto_nav/KailerIsBetter.py -> /home/ramanathan/colcon_ws/src/auto_nav/auto_nav/install/auto_nav/lib/python3.10/site-packages/auto_nav
[0.867s] copying /home/ramanathan/colcon_ws/src/auto_nav/auto_nav/build/auto_nav/build/lib/auto_nav/RamIsBetter.py -> /home/ramanathan/colcon_ws/src/auto_nav/auto_nav/install/auto_nav/lib/python3.10/site-packages/auto_nav
[0.868s] byte-compiling /home/ramanathan/colcon_ws/src/auto_nav/auto_nav/install/auto_nav/lib/python3.10/site-packages/auto_nav/ros2_nav.py to ros2_nav.cpython-310.pyc
[0.873s] byte-compiling /home/ramanathan/colcon_ws/src/auto_nav/auto_nav/install/auto_nav/lib/python3.10/site-packages/auto_nav/ros2_Aruco.py to ros2_Aruco.cpython-310.pyc
[0.873s] byte-compiling /home/ramanathan/colcon_ws/src/auto_nav/auto_nav/install/auto_nav/lib/python3.10/site-packages/auto_nav/ros2_navAruco.py to ros2_navAruco.cpython-310.pyc
[0.878s] byte-compiling /home/ramanathan/colcon_ws/src/auto_nav/auto_nav/install/auto_nav/lib/python3.10/site-packages/auto_nav/KailerIsBetter.py to KailerIsBetter.cpython-310.pyc
[0.880s] byte-compiling /home/ramanathan/colcon_ws/src/auto_nav/auto_nav/install/auto_nav/lib/python3.10/site-packages/auto_nav/RamIsBetter.py to RamIsBetter.cpython-310.pyc
[0.881s] running install_data
[0.881s] running install_egg_info
[0.883s] removing '/home/ramanathan/colcon_ws/src/auto_nav/auto_nav/install/auto_nav/lib/python3.10/site-packages/auto_nav-0.0.0-py3.10.egg-info' (and everything under it)
[0.884s] Copying build/auto_nav/auto_nav.egg-info to /home/ramanathan/colcon_ws/src/auto_nav/auto_nav/install/auto_nav/lib/python3.10/site-packages/auto_nav-0.0.0-py3.10.egg-info
[0.884s] running install_scripts
[0.902s] Installing RamIsBetter script to /home/ramanathan/colcon_ws/src/auto_nav/auto_nav/install/auto_nav/bin
[0.902s] Installing aruco_node script to /home/ramanathan/colcon_ws/src/auto_nav/auto_nav/install/auto_nav/bin
[0.902s] Installing auto_nav2 script to /home/ramanathan/colcon_ws/src/auto_nav/auto_nav/install/auto_nav/bin
[0.902s] Installing auto_nav_draft script to /home/ramanathan/colcon_ws/src/auto_nav/auto_nav/install/auto_nav/bin
[0.902s] Installing nav2_go_to_pose script to /home/ramanathan/colcon_ws/src/auto_nav/auto_nav/install/auto_nav/bin
[0.902s] Installing r2auto_nav script to /home/ramanathan/colcon_ws/src/auto_nav/auto_nav/install/auto_nav/bin
[0.902s] Installing r2mover script to /home/ramanathan/colcon_ws/src/auto_nav/auto_nav/install/auto_nav/bin
[0.903s] Installing r2moverotate script to /home/ramanathan/colcon_ws/src/auto_nav/auto_nav/install/auto_nav/bin
[0.903s] Installing r2occupancy script to /home/ramanathan/colcon_ws/src/auto_nav/auto_nav/install/auto_nav/bin
[0.903s] Installing r2occupancy2 script to /home/ramanathan/colcon_ws/src/auto_nav/auto_nav/install/auto_nav/bin
[0.903s] Installing r2scanner script to /home/ramanathan/colcon_ws/src/auto_nav/auto_nav/install/auto_nav/bin
[0.903s] Installing ros2_nav_aruco script to /home/ramanathan/colcon_ws/src/auto_nav/auto_nav/install/auto_nav/bin
[0.903s] writing list of installed files to '/home/ramanathan/colcon_ws/src/auto_nav/auto_nav/build/auto_nav/install.log'
[0.935s] Invoked command in '/home/ramanathan/colcon_ws/src/auto_nav/auto_nav' returned '0': PYTHONPATH=/home/ramanathan/colcon_ws/src/auto_nav/auto_nav/build/auto_nav/prefix_override:/usr/lib/python3/dist-packages/colcon_core/task/python/colcon_distutils_commands:/home/ramanathan/colcon_ws/src/auto_nav/auto_nav/install/auto_nav/lib/python3.10/site-packages:${PYTHONPATH} /usr/bin/python3 -W ignore:setup.py install is deprecated -W ignore:easy_install command is deprecated setup.py egg_info --egg-base build/auto_nav build --build-base /home/ramanathan/colcon_ws/src/auto_nav/auto_nav/build/auto_nav/build install --record /home/ramanathan/colcon_ws/src/auto_nav/auto_nav/build/auto_nav/install.log --single-version-externally-managed install_data
